Script started on 2018-11-09 13:10:41-07:00
]0;oghale.enwa1@csa1:~/Documents/CPSC 355oghale.enwa1@csa1:~/Documents/CPSC 355$ gdb practice2[15@cc practice1.s -o[C[C[C[C[C[C[C[C[C[C[15Pdb[C[C[C[C[C[C[C[C[C[C
GNU gdb (GDB) Fedora 8.1.1-3.fc28
Copyright (C) 2018 Free Software Foundation, Inc.
License GPLv3+: GNU GPL version 3 or later <http://gnu.org/licenses/gpl.html>
This is free software: you are free to change and redistribute it.
There is NO WARRANTY, to the extent permitted by law.  Type "show copying"
and "show warranty" for details.
This GDB was configured as "aarch64-redhat-linux-gnu".
Type "show configuration" for configuration details.
For bug reporting instructions, please see:
<http://www.gnu.org/software/gdb/bugs/>.
Find the GDB manual and other documentation resources online at:
<http://www.gnu.org/software/gdb/documentation/>.
For help, type "help".
Type "apropos word" to search for commands related to "word"...
Reading symbols from practice2...(no debugging symbols found)...done.
(gdb) dispaly[K[K[Klaay[K[Ky/i $pc
1: x/i $pc
<error: No registers.>
(gdb) b main
Breakpoint 1 at 0x40076c
(gdb) b move
Breakpoint 2 at 0x40064c
(gdb) b expand
Breakpoint 3 at 0x400688
(gdb) b printBox
Breakpoint 4 at 0x4006d0
(gdb) b equal
Breakpoint 5 at 0x400708
(gdb) r
Starting program: /home/ugb/oghale.enwa1/Documents/CPSC 355/practice2 
warning: the debug information found in "/usr/lib/debug//usr/lib64/ld-2.27.so.debug" does not match "/lib/ld-linux-aarch64.so.1" (CRC mismatch).

Missing separate debuginfos, use: dnf debuginfo-install glibc-2.27-32.fc28.aarch64
warning: the debug information found in "/usr/lib/debug//lib64/libc-2.27.so.debug" does not match "/lib64/libc.so.6" (CRC mismatch).

warning: the debug information found in "/usr/lib/debug//usr/lib64/libc-2.27.so.debug" does not match "/lib64/libc.so.6" (CRC mismatch).


Breakpoint 1, 0x000000000040076c in main ()
1: x/i $pc
=> 0x40076c <main+20>:	bl	0x400608 <newBox>
(gdb) p $x19
$1 = 281474976706864
(gdb) p $x19[K[K20
$2 = 281474976706892
(gdb) ni
0x0000000000400770 in main ()
1: x/i $pc
=> 0x400770 <main+24>:	mov	x0, x20
(gdb) ni
0x0000000000400774 in main ()
1: x/i $pc
=> 0x400774 <main+28>:	bl	0x400608 <newBox>
(gdb) ni
0x0000000000400778 in main ()
1: x/i $pc
=> 0x400778 <main+32>:	adrp	x0, 0x400000
(gdb) p/d $x19
$3 = 281474976706864
(gdb) p/d $x19[K[K20
$4 = 281474976706892
(gdb) c
Continuing.
Initial box values:

Breakpoint 4, 0x00000000004006d0 in printBox ()
1: x/i $pc
=> 0x4006d0 <printBox+24>:	ldr	x2, [x21]
(gdb) c[Kni
0x00000000004006d4 in printBox ()
1: x/i $pc
=> 0x4006d4 <printBox+28>:	ldur	x3, [x21, #4]
(gdb) ni
0x00000000004006d8 in printBox ()
1: x/i $pc
=> 0x4006d8 <printBox+32>:	ldr	x4, [x21, #8]
(gdb) ni
0x00000000004006dc in printBox ()
1: x/i $pc
=> 0x4006dc <printBox+36>:	ldur	x5, [x21, #12]
(gdb) ni
0x00000000004006e0 in printBox ()
1: x/i $pc
=> 0x4006e0 <printBox+40>:	ldr	x6, [x21, #16]
(gdb) x[Kni[1Pcp/d $x2019
$5 = 281474976706864
(gdb) p/d $x19[C[C[C[C[C[Cni[Kp/d $x19[K[K20
$6 = 281474976706892
(gdb) p/d $x2019[C[C[C[C[C[Cni[K
0x00000000004006e4 in printBox ()
1: x/i $pc
=> 0x4006e4 <printBox+44>:	bl	0x400480 <printf@plt>
(gdb) nip/d $x2019[C[C[C[C[C[Cni[K
Box first origin = (0,0) width = 1 height = 1 area = 1
0x00000000004006e8 in printBox ()
1: x/i $pc
=> 0x4006e8 <printBox+48>:	mov	x0, #0x0                   	// #0
(gdb) ni
0x00000000004006ec in printBox ()
1: x/i $pc
=> 0x4006ec <printBox+52>:	ldp	x29, x30, [sp], #48
(gdb) ni
0x00000000004006f0 in printBox ()
1: x/i $pc
=> 0x4006f0 <printBox+56>:	ret
(gdb) ni
0x0000000000400794 in main ()
1: x/i $pc
=> 0x400794 <main+60>:	adrp	x0, 0x400000
(gdb) ni
0x0000000000400798 in main ()
1: x/i $pc
=> 0x400798 <main+64>:	add	x0, x0, #0x5d4
(gdb) ni
0x000000000040079c in main ()
1: x/i $pc
=> 0x40079c <main+68>:	mov	x1, x20
(gdb) ni
0x00000000004007a0 in main ()
1: x/i $pc
=> 0x4007a0 <main+72>:	bl	0x4006b8 <printBox>
(gdb) nip/d $x2019
$7 = 281474976706864
(gdb) p/d $x19[C[C[C[C[C[Cni[Kp/d $x19[K[K20
$8 = 281474976706892
(gdb) p/d $x2019[C[C[C[C[C[Cni[K

Breakpoint 4, 0x00000000004006d0 in printBox ()
1: x/i $pc
=> 0x4006d0 <printBox+24>:	ldr	x2, [x21]
(gdb) ni
0x00000000004006d4 in printBox ()
1: x/i $pc
=> 0x4006d4 <printBox+28>:	ldur	x3, [x21, #4]
(gdb) ni
0x00000000004006d8 in printBox ()
1: x/i $pc
=> 0x4006d8 <printBox+32>:	ldr	x4, [x21, #8]
(gdb) ni
0x00000000004006dc in printBox ()
1: x/i $pc
=> 0x4006dc <printBox+36>:	ldur	x5, [x21, #12]
(gdb) ni[K[Kx[Knip/d $x2019
$9 = 281474976706864
(gdb) p/d $x19[C[C[C[C[C[C[Kni[Kp/d $x19[K[K20
$10 = 281474976706892
(gdb) p/d $x2019[C[C[C[C[C[C[Kni
0x00000000004006e0 in printBox ()
1: x/i $pc
=> 0x4006e0 <printBox+40>:	ldr	x6, [x21, #16]
(gdb) ni
0x00000000004006e4 in printBox ()
1: x/i $pc
=> 0x4006e4 <printBox+44>:	bl	0x400480 <printf@plt>
(gdb) ni
Box second origin = (0,0) width = 1 height = 1 area = 1
0x00000000004006e8 in printBox ()
1: x/i $pc
=> 0x4006e8 <printBox+48>:	mov	x0, #0x0                   	// #0
(gdb) ni
0x00000000004006ec in printBox ()
1: x/i $pc
=> 0x4006ec <printBox+52>:	ldp	x29, x30, [sp], #48
(gdb) ni
0x00000000004006f0 in printBox ()
1: x/i $pc
=> 0x4006f0 <printBox+56>:	ret
(gdb) ni
0x00000000004007a4 in main ()
1: x/i $pc
=> 0x4007a4 <main+76>:	mov	x0, x19
(gdb) ni
0x00000000004007a8 in main ()
1: x/i $pc
=> 0x4007a8 <main+80>:	mov	x1, x20
(gdb) ni
0x00000000004007ac in main ()
1: x/i $pc
=> 0x4007ac <main+84>:	bl	0x4006f4 <equal>
(gdb) ni

Breakpoint 5, 0x0000000000400708 in equal ()
1: x/i $pc
=> 0x400708 <equal+20>:	ldr	w23, [x20]
(gdb) ni
0x000000000040070c in equal ()
1: x/i $pc
=> 0x40070c <equal+24>:	ldr	w24, [x21]
(gdb) ni
0x0000000000400710 in equal ()
1: x/i $pc
=> 0x400710 <equal+28>:	cmp	w23, w24
(gdb) ni
0x0000000000400714 in equal ()
1: x/i $pc
=> 0x400714 <equal+32>:	b.ne	0x40074c <return>  // b.any
(gdb) nip/d $x2019
$11 = 281474976706864
(gdb) p/d $x19[C[C[C[C[C[Cni[Kp/d $x19[C[C[C[C[C[C[Kp/d $x19[K[K20
$12 = 281474976706864
(gdb) p/d $x2019[K[K23
$13 = 0
(gdb) p/d $x23[K4
$14 = 0
(gdb) p/d $x243019[C[C[C[C[C[Cni[K[K[Kdisplay/d x1[K[K$x19
2: /d $x19 = 281474976706864
(gdb) display/d $x19[K[K20
3: /d $x20 = 281474976706864
(gdb) display/d $x20[K3
4: /d $x23 = 0
(gdb) display/d $x23[K4
5: /d $x24 = 0
(gdb) display/d $x243019[C[C[C[C[C[C[6Pp/d $x243019[C[C[C[C[C[Cni[K
0x0000000000400718 in equal ()
1: x/i $pc
=> 0x400718 <equal+36>:	ldr	w23, [x20, #4]
2: /d $x19 = 281474976706864
3: /d $x20 = 281474976706864
4: /d $x23 = 0
5: /d $x24 = 0
(gdb) ni
0x000000000040071c in equal ()
1: x/i $pc
=> 0x40071c <equal+40>:	ldr	w24, [x21, #4]
2: /d $x19 = 281474976706864
3: /d $x20 = 281474976706864
4: /d $x23 = 0
5: /d $x24 = 0
(gdb) ni
0x0000000000400720 in equal ()
1: x/i $pc
=> 0x400720 <equal+44>:	cmp	w23, w24
2: /d $x19 = 281474976706864
3: /d $x20 = 281474976706864
4: /d $x23 = 0
5: /d $x24 = 0
(gdb) ni
0x0000000000400724 in equal ()
1: x/i $pc
=> 0x400724 <equal+48>:	b.ne	0x40074c <return>  // b.any
2: /d $x19 = 281474976706864
3: /d $x20 = 281474976706864
4: /d $x23 = 0
5: /d $x24 = 0
(gdb) ni
0x0000000000400728 in equal ()
1: x/i $pc
=> 0x400728 <equal+52>:	ldr	w23, [x20, #8]
2: /d $x19 = 281474976706864
3: /d $x20 = 281474976706864
4: /d $x23 = 0
5: /d $x24 = 0
(gdb) ni
0x000000000040072c in equal ()
1: x/i $pc
=> 0x40072c <equal+56>:	ldr	w24, [x21, #8]
2: /d $x19 = 281474976706864
3: /d $x20 = 281474976706864
4: /d $x23 = 1
5: /d $x24 = 0
(gdb) ni
0x0000000000400730 in equal ()
1: x/i $pc
=> 0x400730 <equal+60>:	cmp	w23, w24
2: /d $x19 = 281474976706864
3: /d $x20 = 281474976706864
4: /d $x23 = 1
5: /d $x24 = 1
(gdb) ni
0x0000000000400734 in equal ()
1: x/i $pc
=> 0x400734 <equal+64>:	b.ne	0x40074c <return>  // b.any
2: /d $x19 = 281474976706864
3: /d $x20 = 281474976706864
4: /d $x23 = 1
5: /d $x24 = 1
(gdb) ni
0x0000000000400738 in equal ()
1: x/i $pc
=> 0x400738 <equal+68>:	ldr	w23, [x20, #12]
2: /d $x19 = 281474976706864
3: /d $x20 = 281474976706864
4: /d $x23 = 1
5: /d $x24 = 1
(gdb) ni
0x000000000040073c in equal ()
1: x/i $pc
=> 0x40073c <equal+72>:	ldr	w24, [x21, #12]
2: /d $x19 = 281474976706864
3: /d $x20 = 281474976706864
4: /d $x23 = 1
5: /d $x24 = 1
(gdb) ni
0x0000000000400740 in equal ()
1: x/i $pc
=> 0x400740 <equal+76>:	cmp	w23, w24
2: /d $x19 = 281474976706864
3: /d $x20 = 281474976706864
4: /d $x23 = 1
5: /d $x24 = 1
(gdb) ni
0x0000000000400744 in equal ()
1: x/i $pc
=> 0x400744 <equal+80>:	b.ne	0x40074c <return>  // b.any
2: /d $x19 = 281474976706864
3: /d $x20 = 281474976706864
4: /d $x23 = 1
5: /d $x24 = 1
(gdb) ni
0x0000000000400748 in equal ()
1: x/i $pc
=> 0x400748 <equal+84>:	mov	w22, #0x1                   	// #1
2: /d $x19 = 281474976706864
3: /d $x20 = 281474976706864
4: /d $x23 = 1
5: /d $x24 = 1
(gdb) ni
0x000000000040074c in return ()
1: x/i $pc
=> 0x40074c <return>:	mov	w0, w22
2: /d $x19 = 281474976706864
3: /d $x20 = 281474976706864
4: /d $x23 = 1
5: /d $x24 = 1
(gdb) ni
0x0000000000400750 in return ()
1: x/i $pc
=> 0x400750 <return+4>:	ldp	x29, x30, [sp], #48
2: /d $x19 = 281474976706864
3: /d $x20 = 281474976706864
4: /d $x23 = 1
5: /d $x24 = 1
(gdb) ni
0x0000000000400754 in return ()
1: x/i $pc
=> 0x400754 <return+8>:	ret
2: /d $x19 = 281474976706864
3: /d $x20 = 281474976706864
4: /d $x23 = 1
5: /d $x24 = 1
(gdb) ni
0x00000000004007b0 in main ()
1: x/i $pc
=> 0x4007b0 <main+88>:	mov	x23, x0
2: /d $x19 = 281474976706864
3: /d $x20 = 281474976706864
4: /d $x23 = 1
5: /d $x24 = 1
(gdb) ni
0x00000000004007b4 in main ()
1: x/i $pc
=> 0x4007b4 <main+92>:	cmp	x23, #0x1
2: /d $x19 = 281474976706864
3: /d $x20 = 281474976706864
4: /d $x23 = 1
5: /d $x24 = 1
(gdb) ni
0x00000000004007b8 in main ()
1: x/i $pc
=> 0x4007b8 <main+96>:	b.ne	0x4007d8 <print_a>  // b.any
2: /d $x19 = 281474976706864
3: /d $x20 = 281474976706864
4: /d $x23 = 1
5: /d $x24 = 1
(gdb) ni
0x00000000004007bc in main ()
1: x/i $pc
=> 0x4007bc <main+100>:	mov	x0, x19
2: /d $x19 = 281474976706864
3: /d $x20 = 281474976706864
4: /d $x23 = 1
5: /d $x24 = 1
(gdb) ni
0x00000000004007c0 in main ()
1: x/i $pc
=> 0x4007c0 <main+104>:	mov	w1, #0xfffffffb            	// #-5
2: /d $x19 = 281474976706864
3: /d $x20 = 281474976706864
4: /d $x23 = 1
5: /d $x24 = 1
(gdb) ni
0x00000000004007c4 in main ()
1: x/i $pc
=> 0x4007c4 <main+108>:	mov	w2, #0x7                   	// #7
2: /d $x19 = 281474976706864
3: /d $x20 = 281474976706864
4: /d $x23 = 1
5: /d $x24 = 1
(gdb) ni
0x00000000004007c8 in main ()
1: x/i $pc
=> 0x4007c8 <main+112>:	bl	0x400638 <move>
2: /d $x19 = 281474976706864
3: /d $x20 = 281474976706864
4: /d $x23 = 1
5: /d $x24 = 1
(gdb) ni

Breakpoint 2, 0x000000000040064c in move ()
1: x/i $pc
=> 0x40064c <move+20>:	ldr	w23, [x20]
2: /d $x19 = 281474976706864
3: /d $x20 = 281474976706864
4: /d $x23 = 1
5: /d $x24 = 1
(gdb) ni[K[Kdisply/ay/[C[Cd $x22[K[K[Kw22
6: /d $w22 = 7
(gdb) display/d $w22[C[C[C[C[C[Cni[K
0x0000000000400650 in move ()
1: x/i $pc
=> 0x400650 <move+24>:	add	w23, w23, w21
2: /d $x19 = 281474976706864
3: /d $x20 = 281474976706864
4: /d $x23 = 0
5: /d $x24 = 1
6: /d $w22 = 7
(gdb) ni
0x0000000000400654 in move ()
1: x/i $pc
=> 0x400654 <move+28>:	str	w23, [x20]
2: /d $x19 = 281474976706864
3: /d $x20 = 281474976706864
4: /d $x23 = 4294967291
5: /d $x24 = 1
6: /d $w22 = 7
(gdb) ni
0x0000000000400658 in move ()
1: x/i $pc
=> 0x400658 <move+32>:	ldr	w23, [x20, #4]
2: /d $x19 = 281474976706864
3: /d $x20 = 281474976706864
4: /d $x23 = 4294967291
5: /d $x24 = 1
6: /d $w22 = 7
(gdb) 
0x000000000040065c in move ()
1: x/i $pc
=> 0x40065c <move+36>:	add	w23, w23, w22
2: /d $x19 = 281474976706864
3: /d $x20 = 281474976706864
4: /d $x23 = 0
5: /d $x24 = 1
6: /d $w22 = 7
(gdb) ni
0x0000000000400660 in move ()
1: x/i $pc
=> 0x400660 <move+40>:	str	w23, [x20, #4]
2: /d $x19 = 281474976706864
3: /d $x20 = 281474976706864
4: /d $x23 = 7
5: /d $x24 = 1
6: /d $w22 = 7
(gdb) ni
0x0000000000400664 in move ()
1: x/i $pc
=> 0x400664 <move+44>:	mov	x0, #0x0                   	// #0
2: /d $x19 = 281474976706864
3: /d $x20 = 281474976706864
4: /d $x23 = 7
5: /d $x24 = 1
6: /d $w22 = 7
(gdb) ni
0x0000000000400668 in move ()
1: x/i $pc
=> 0x400668 <move+48>:	mov	w1, #0x0                   	// #0
2: /d $x19 = 281474976706864
3: /d $x20 = 281474976706864
4: /d $x23 = 7
5: /d $x24 = 1
6: /d $w22 = 7
(gdb) ni
0x000000000040066c in move ()
1: x/i $pc
=> 0x40066c <move+52>:	mov	w2, #0x0                   	// #0
2: /d $x19 = 281474976706864
3: /d $x20 = 281474976706864
4: /d $x23 = 7
5: /d $x24 = 1
6: /d $w22 = 7
(gdb) ni
0x0000000000400670 in move ()
1: x/i $pc
=> 0x400670 <move+56>:	ldp	x29, x30, [sp], #48
2: /d $x19 = 281474976706864
3: /d $x20 = 281474976706864
4: /d $x23 = 7
5: /d $x24 = 1
6: /d $w22 = 7
(gdb) ni
0x0000000000400674 in move ()
1: x/i $pc
=> 0x400674 <move+60>:	ret
2: /d $x19 = 281474976706864
3: /d $x20 = 281474976706864
4: /d $x23 = 7
5: /d $x24 = 1
6: /d $w22 = 7
(gdb) ni
0x00000000004007cc in main ()
1: x/i $pc
=> 0x4007cc <main+116>:	mov	x0, x20
2: /d $x19 = 281474976706864
3: /d $x20 = 281474976706864
4: /d $x23 = 7
5: /d $x24 = 1
6: /d $w22 = 7
(gdb) ni
0x00000000004007d0 in main ()
1: x/i $pc
=> 0x4007d0 <main+120>:	mov	w1, #0x3                   	// #3
2: /d $x19 = 281474976706864
3: /d $x20 = 281474976706864
4: /d $x23 = 7
5: /d $x24 = 1
6: /d $w22 = 7
(gdb) ni
0x00000000004007d4 in main ()
1: x/i $pc
=> 0x4007d4 <main+124>:	bl	0x400678 <expand>
2: /d $x19 = 281474976706864
3: /d $x20 = 281474976706864
4: /d $x23 = 7
5: /d $x24 = 1
6: /d $w22 = 7
(gdb) ni

Breakpoint 3, 0x0000000000400688 in expand ()
1: x/i $pc
=> 0x400688 <expand+16>:	ldr	w23, [x20, #8]
2: /d $x19 = 281474976706864
3: /d $x20 = 281474976706864
4: /d $x23 = 7
5: /d $x24 = 1
6: /d $w22 = 7
(gdb) ni
0x000000000040068c in expand ()
1: x/i $pc
=> 0x40068c <expand+20>:	mul	w23, w23, w21
2: /d $x19 = 281474976706864
3: /d $x20 = 281474976706864
4: /d $x23 = 1
5: /d $x24 = 1
6: /d $w22 = 7
(gdb) nidispl[K[K[K[K[K[K[Knidisplay/d $w22[C[C[C[C[C[Cni[Kdisplay/d $w22[K5
7: /d $w25 = 0
(gdb) display/d $w25[C[C[C[C[C[C[Kni
0x0000000000400690 in expand ()
1: x/i $pc
=> 0x400690 <expand+24>:	str	w23, [x20, #8]
2: /d $x19 = 281474976706864
3: /d $x20 = 281474976706864
4: /d $x23 = 3
5: /d $x24 = 1
6: /d $w22 = 7
7: /d $w25 = 0
(gdb) ni
0x0000000000400694 in expand ()
1: x/i $pc
=> 0x400694 <expand+28>:	ldr	w24, [x20, #12]
2: /d $x19 = 281474976706864
3: /d $x20 = 281474976706864
4: /d $x23 = 3
5: /d $x24 = 1
6: /d $w22 = 7
7: /d $w25 = 0
(gdb) ni
0x0000000000400698 in expand ()
1: x/i $pc
=> 0x400698 <expand+32>:	mul	w24, w24, w21
2: /d $x19 = 281474976706864
3: /d $x20 = 281474976706864
4: /d $x23 = 3
5: /d $x24 = 1
6: /d $w22 = 7
7: /d $w25 = 0
(gdb) ni
0x000000000040069c in expand ()
1: x/i $pc
=> 0x40069c <expand+36>:	str	w24, [x20, #12]
2: /d $x19 = 281474976706864
3: /d $x20 = 281474976706864
4: /d $x23 = 3
5: /d $x24 = 3
6: /d $w22 = 7
7: /d $w25 = 0
(gdb) ni
0x00000000004006a0 in expand ()
1: x/i $pc
=> 0x4006a0 <expand+40>:	mul	w25, w23, w24
2: /d $x19 = 281474976706864
3: /d $x20 = 281474976706864
4: /d $x23 = 3
5: /d $x24 = 3
6: /d $w22 = 7
7: /d $w25 = 0
(gdb) ni
0x00000000004006a4 in expand ()
1: x/i $pc
=> 0x4006a4 <expand+44>:	str	w25, [x20, #16]
2: /d $x19 = 281474976706864
3: /d $x20 = 281474976706864
4: /d $x23 = 3
5: /d $x24 = 3
6: /d $w22 = 7
7: /d $w25 = 9
(gdb) ni
0x00000000004006a8 in expand ()
1: x/i $pc
=> 0x4006a8 <expand+48>:	mov	x0, #0x0                   	// #0
2: /d $x19 = 281474976706864
3: /d $x20 = 281474976706864
4: /d $x23 = 3
5: /d $x24 = 3
6: /d $w22 = 7
7: /d $w25 = 9
(gdb) ni
0x00000000004006ac in expand ()
1: x/i $pc
=> 0x4006ac <expand+52>:	mov	w21, #0x0                   	// #0
2: /d $x19 = 281474976706864
3: /d $x20 = 281474976706864
4: /d $x23 = 3
5: /d $x24 = 3
6: /d $w22 = 7
7: /d $w25 = 9
(gdb) ni
0x00000000004006b0 in expand ()
1: x/i $pc
=> 0x4006b0 <expand+56>:	ldp	x29, x30, [sp], #48
2: /d $x19 = 281474976706864
3: /d $x20 = 281474976706864
4: /d $x23 = 3
5: /d $x24 = 3
6: /d $w22 = 7
7: /d $w25 = 9
(gdb) ni
0x00000000004006b4 in expand ()
1: x/i $pc
=> 0x4006b4 <expand+60>:	ret
2: /d $x19 = 281474976706864
3: /d $x20 = 281474976706864
4: /d $x23 = 3
5: /d $x24 = 3
6: /d $w22 = 7
7: /d $w25 = 9
(gdb) ni
0x00000000004007d8 in print_a ()
1: x/i $pc
=> 0x4007d8 <print_a>:	adrp	x0, 0x400000
2: /d $x19 = 281474976706864
3: /d $x20 = 281474976706864
4: /d $x23 = 3
5: /d $x24 = 3
6: /d $w22 = 7
7: /d $w25 = 9
(gdb) ni
0x00000000004007dc in print_a ()
1: x/i $pc
=> 0x4007dc <print_a+4>:	add	w0, w0, #0x5f0
2: /d $x19 = 281474976706864
3: /d $x20 = 281474976706864
4: /d $x23 = 3
5: /d $x24 = 3
6: /d $w22 = 7
7: /d $w25 = 9
(gdb) ni
0x00000000004007e0 in print_a ()
1: x/i $pc
=> 0x4007e0 <print_a+8>:	bl	0x400480 <printf@plt>
2: /d $x19 = 281474976706864
3: /d $x20 = 281474976706864
4: /d $x23 = 3
5: /d $x24 = 3
6: /d $w22 = 7
7: /d $w25 = 9
(gdb) ni

Changed box values:
0x00000000004007e4 in print_a ()
1: x/i $pc
=> 0x4007e4 <print_a+12>:	adrp	x0, 0x400000
2: /d $x19 = 281474976706864
3: /d $x20 = 281474976706864
4: /d $x23 = 3
5: /d $x24 = 3
6: /d $w22 = 7
7: /d $w25 = 9
(gdb) ni
0x00000000004007e8 in print_a ()
1: x/i $pc
=> 0x4007e8 <print_a+16>:	add	x0, x0, #0x5ce
2: /d $x19 = 281474976706864
3: /d $x20 = 281474976706864
4: /d $x23 = 3
5: /d $x24 = 3
6: /d $w22 = 7
7: /d $w25 = 9
(gdb) ni
0x00000000004007ec in print_a ()
1: x/i $pc
=> 0x4007ec <print_a+20>:	mov	x1, x19
2: /d $x19 = 281474976706864
3: /d $x20 = 281474976706864
4: /d $x23 = 3
5: /d $x24 = 3
6: /d $w22 = 7
7: /d $w25 = 9
(gdb) ni
0x00000000004007f0 in print_a ()
1: x/i $pc
=> 0x4007f0 <print_a+24>:	bl	0x4006b8 <printBox>
2: /d $x19 = 281474976706864
3: /d $x20 = 281474976706864
4: /d $x23 = 3
5: /d $x24 = 3
6: /d $w22 = 7
7: /d $w25 = 9
(gdb) ni

Breakpoint 4, 0x00000000004006d0 in printBox ()
1: x/i $pc
=> 0x4006d0 <printBox+24>:	ldr	x2, [x21]
2: /d $x19 = 281474976706864
3: /d $x20 = 281474976706864
4: /d $x23 = 3
5: /d $x24 = 3
6: /d $w22 = 7
7: /d $w25 = 9
(gdb) ni
0x00000000004006d4 in printBox ()
1: x/i $pc
=> 0x4006d4 <printBox+28>:	ldur	x3, [x21, #4]
2: /d $x19 = 281474976706864
3: /d $x20 = 281474976706864
4: /d $x23 = 3
5: /d $x24 = 3
6: /d $w22 = 7
7: /d $w25 = 9
(gdb) ni
0x00000000004006d8 in printBox ()
1: x/i $pc
=> 0x4006d8 <printBox+32>:	ldr	x4, [x21, #8]
2: /d $x19 = 281474976706864
3: /d $x20 = 281474976706864
4: /d $x23 = 3
5: /d $x24 = 3
6: /d $w22 = 7
7: /d $w25 = 9
(gdb) ni
0x00000000004006dc in printBox ()
1: x/i $pc
=> 0x4006dc <printBox+36>:	ldur	x5, [x21, #12]
2: /d $x19 = 281474976706864
3: /d $x20 = 281474976706864
4: /d $x23 = 3
5: /d $x24 = 3
6: /d $w22 = 7
7: /d $w25 = 9
(gdb) ni
0x00000000004006e0 in printBox ()
1: x/i $pc
=> 0x4006e0 <printBox+40>:	ldr	x6, [x21, #16]
2: /d $x19 = 281474976706864
3: /d $x20 = 281474976706864
4: /d $x23 = 3
5: /d $x24 = 3
6: /d $w22 = 7
7: /d $w25 = 9
(gdb) ni
0x00000000004006e4 in printBox ()
1: x/i $pc
=> 0x4006e4 <printBox+44>:	bl	0x400480 <printf@plt>
2: /d $x19 = 281474976706864
3: /d $x20 = 281474976706864
4: /d $x23 = 3
5: /d $x24 = 3
6: /d $w22 = 7
7: /d $w25 = 9
(gdb) ni
Box first origin = (-5,7) width = 3 height = 3 area = 9
0x00000000004006e8 in printBox ()
1: x/i $pc
=> 0x4006e8 <printBox+48>:	mov	x0, #0x0                   	// #0
2: /d $x19 = 281474976706864
3: /d $x20 = 281474976706864
4: /d $x23 = 3
5: /d $x24 = 3
6: /d $w22 = 7
7: /d $w25 = 9
(gdb) ni
0x00000000004006ec in printBox ()
1: x/i $pc
=> 0x4006ec <printBox+52>:	ldp	x29, x30, [sp], #48
2: /d $x19 = 281474976706864
3: /d $x20 = 281474976706864
4: /d $x23 = 3
5: /d $x24 = 3
6: /d $w22 = 7
7: /d $w25 = 9
(gdb) ni
0x00000000004006f0 in printBox ()
1: x/i $pc
=> 0x4006f0 <printBox+56>:	ret
2: /d $x19 = 281474976706864
3: /d $x20 = 281474976706864
4: /d $x23 = 3
5: /d $x24 = 3
6: /d $w22 = 7
7: /d $w25 = 9
(gdb) ni
0x00000000004007f4 in print_a ()
1: x/i $pc
=> 0x4007f4 <print_a+28>:	adrp	x0, 0x400000
2: /d $x19 = 281474976706864
3: /d $x20 = 281474976706864
4: /d $x23 = 3
5: /d $x24 = 3
6: /d $w22 = 7
7: /d $w25 = 9
(gdb) ni
0x00000000004007f8 in print_a ()
1: x/i $pc
=> 0x4007f8 <print_a+32>:	add	x0, x0, #0x5d4
2: /d $x19 = 281474976706864
3: /d $x20 = 281474976706864
4: /d $x23 = 3
5: /d $x24 = 3
6: /d $w22 = 7
7: /d $w25 = 9
(gdb) ni
0x00000000004007fc in print_a ()
1: x/i $pc
=> 0x4007fc <print_a+36>:	mov	x1, x20
2: /d $x19 = 281474976706864
3: /d $x20 = 281474976706864
4: /d $x23 = 3
5: /d $x24 = 3
6: /d $w22 = 7
7: /d $w25 = 9
(gdb) ni
0x0000000000400800 in print_a ()
1: x/i $pc
=> 0x400800 <print_a+40>:	bl	0x4006b8 <printBox>
2: /d $x19 = 281474976706864
3: /d $x20 = 281474976706864
4: /d $x23 = 3
5: /d $x24 = 3
6: /d $w22 = 7
7: /d $w25 = 9
(gdb) ni

Breakpoint 4, 0x00000000004006d0 in printBox ()
1: x/i $pc
=> 0x4006d0 <printBox+24>:	ldr	x2, [x21]
2: /d $x19 = 281474976706864
3: /d $x20 = 281474976706864
4: /d $x23 = 3
5: /d $x24 = 3
6: /d $w22 = 7
7: /d $w25 = 9
(gdb) ni
0x00000000004006d4 in printBox ()
1: x/i $pc
=> 0x4006d4 <printBox+28>:	ldur	x3, [x21, #4]
2: /d $x19 = 281474976706864
3: /d $x20 = 281474976706864
4: /d $x23 = 3
5: /d $x24 = 3
6: /d $w22 = 7
7: /d $w25 = 9
(gdb) ni
0x00000000004006d8 in printBox ()
1: x/i $pc
=> 0x4006d8 <printBox+32>:	ldr	x4, [x21, #8]
2: /d $x19 = 281474976706864
3: /d $x20 = 281474976706864
4: /d $x23 = 3
5: /d $x24 = 3
6: /d $w22 = 7
7: /d $w25 = 9
(gdb) ni
0x00000000004006dc in printBox ()
1: x/i $pc
=> 0x4006dc <printBox+36>:	ldur	x5, [x21, #12]
2: /d $x19 = 281474976706864
3: /d $x20 = 281474976706864
4: /d $x23 = 3
5: /d $x24 = 3
6: /d $w22 = 7
7: /d $w25 = 9
(gdb) ni
0x00000000004006e0 in printBox ()
1: x/i $pc
=> 0x4006e0 <printBox+40>:	ldr	x6, [x21, #16]
2: /d $x19 = 281474976706864
3: /d $x20 = 281474976706864
4: /d $x23 = 3
5: /d $x24 = 3
6: /d $w22 = 7
7: /d $w25 = 9
(gdb) ni
0x00000000004006e4 in printBox ()
1: x/i $pc
=> 0x4006e4 <printBox+44>:	bl	0x400480 <printf@plt>
2: /d $x19 = 281474976706864
3: /d $x20 = 281474976706864
4: /d $x23 = 3
5: /d $x24 = 3
6: /d $w22 = 7
7: /d $w25 = 9
(gdb) ni
Box second origin = (-5,7) width = 3 height = 3 area = 9
0x00000000004006e8 in printBox ()
1: x/i $pc
=> 0x4006e8 <printBox+48>:	mov	x0, #0x0                   	// #0
2: /d $x19 = 281474976706864
3: /d $x20 = 281474976706864
4: /d $x23 = 3
5: /d $x24 = 3
6: /d $w22 = 7
7: /d $w25 = 9
(gdb) ni
0x00000000004006ec in printBox ()
1: x/i $pc
=> 0x4006ec <printBox+52>:	ldp	x29, x30, [sp], #48
2: /d $x19 = 281474976706864
3: /d $x20 = 281474976706864
4: /d $x23 = 3
5: /d $x24 = 3
6: /d $w22 = 7
7: /d $w25 = 9
(gdb) ni
0x00000000004006f0 in printBox ()
1: x/i $pc
=> 0x4006f0 <printBox+56>:	ret
2: /d $x19 = 281474976706864
3: /d $x20 = 281474976706864
4: /d $x23 = 3
5: /d $x24 = 3
6: /d $w22 = 7
7: /d $w25 = 9
(gdb) ni
0x0000000000400804 in print_a ()
1: x/i $pc
=> 0x400804 <print_a+44>:	mov	x0, #0x0                   	// #0
2: /d $x19 = 281474976706864
3: /d $x20 = 281474976706864
4: /d $x23 = 3
5: /d $x24 = 3
6: /d $w22 = 7
7: /d $w25 = 9
(gdb) ni
0x0000000000400808 in print_a ()
1: x/i $pc
=> 0x400808 <print_a+48>:	ldp	x29, x30, [sp], #48
2: /d $x19 = 281474976706864
3: /d $x20 = 281474976706864
4: /d $x23 = 3
5: /d $x24 = 3
6: /d $w22 = 7
7: /d $w25 = 9
(gdb) ni
0x000000000040080c in print_a ()
1: x/i $pc
=> 0x40080c <print_a+52>:	ret
2: /d $x19 = 281474976706864
3: /d $x20 = 281474976706864
4: /d $x23 = 3
5: /d $x24 = 3
6: /d $w22 = 7
7: /d $w25 = 9
(gdb) ni
0x0000ffffbf55c9a4 in __libc_start_main () from /lib64/libc.so.6
1: x/i $pc
=> 0xffffbf55c9a4 <__libc_start_main+228>:	bl	0xffffbf5711a0 <exit>
2: /d $x19 = 281474976706864
3: /d $x20 = 281474976706864
4: /d $x23 = 3
5: /d $x24 = 3
6: /d $w22 = 7
7: /d $w25 = 9
(gdb) ni
[Inferior 1 (process 27858) exited normally]
(gdb) ni[K[Kq
]0;oghale.enwa1@csa1:~/Documents/CPSC 355oghale.enwa1@csa1:~/Documents/CPSC 355$ exit
exit

Script done on 2018-11-09 13:21:35-07:00
